0.0 97097.83830845768
9.0E8 98594.8191330345
1.8E9 100825.85083713848
2.7E9 103141.18125960058
3.6E9 99839.41091492778
4.5E9 97525.74770642212
5.4E9 101651.62151394416
6.3E9 93653.30540037254
7.2E9 94676.81268882181
8.1E9 98550.24440298509
9.0E9 89805.33445945942
9.9E9 97442.54643962844
1.08E10 100099.67329545468
1.17E10 96964.05000000003
1.26E10 99814.06628787892
1.35E10 97363.98212765942
1.44E10 100821.26205450726
1.53E10 96910.24817107478
1.62E10 97323.02896613203
1.71E10 99142.50615980272
1.8E10 100264.14013686425
1.89E10 97507.99883504203
1.98E10 99915.93192389
2.07E10 95903.99216329468
2.16E10 97618.6623551152
2.25E10 98788.709566001
2.34E10 98332.20864008913
2.43E10 98205.91293013543
2.52E10 100388.4510290103
2.61E10 95065.26081745152
2.7E10 96948.61021685689
2.79E10 98180.8191361397
2.88E10 99726.45346037023
2.97E10 99910.21142800577
3.06E10 99364.47868274021
3.15E10 99153.80133884626
3.24E10 99053.66031714372
3.33E10 98665.79501698758
3.42E10 99775.24850157002
3.51E10 98379.23847848976
3.6E10 98580.47009267063
3.69E10 98265.68507918378
3.78E10 98543.03245235568
3.87E10 99915.16590275917
3.96E10 99667.1106354641
4.05E10 99267.38777219424
4.14E10 99206.6284449262
4.23E10 98369.17650725847
4.32E10 97284.36381983307
4.41E10 98670.8212838754
4.5E10 100570.78984695775
4.59E10 97085.26569343057
4.68E10 99633.0070480548
4.77E10 99089.47227676469
4.86E10 98365.00910059059
4.95E10 98586.9111825581
5.04E10 98955.3264696113
5.13E10 96771.98893244135
5.22E10 98489.39160004708
5.31E10 96538.73175112231
5.4E10 98049.62079907714
5.49E10 99234.17831105736
5.58E10 97797.96923310081
5.67E10 98405.95198623717
5.76E10 98200.3591247819
5.85E10 98544.85422602085
5.94E10 95833.59606918228
6.03E10 98942.15166028094
6.12E10 97415.72628116369
6.21E10 96091.47136871517
6.3E10 96114.00945709285
6.39E10 97954.77414163107
6.48E10 98044.69108334724
6.57E10 97806.06272994849
6.66E10 97736.80290494581
6.75E10 98003.43618433541
6.84E10 101149.70302311803
6.93E10 99845.19704329483
7.02E10 99163.76481519711
7.11E10 97927.31100917414
7.2E10 97006.91031941034
7.29E10 95395.74036054107
7.38E10 97445.17333333354
7.47E10 100354.85962652929
7.56E10 98875.69176136369
7.65E10 102380.53902065777
7.74E10 97400.19873817051
7.83E10 100600.44747274532
7.92E10 104111.57377049193
8.01E10 97670.7450348899
8.1E10 96777.75061881174
8.19E10 99794.09805389223
8.28E10 94932.2043512043
8.37E10 93315.76081200347
8.46E10 101411.70719351574
8.55E10 98729.9641760492
