0.0 97748.25755584755
9.0E8 96721.6418269231
1.8E9 100993.64139020529
2.7E9 104225.93623639194
3.6E9 99772.94179894195
4.5E9 99051.98926380355
5.4E9 98076.62969924806
6.3E9 93762.27992633516
7.2E9 96184.94307400392
8.1E9 99574.09647495364
9.0E9 89521.90454545453
9.9E9 97656.77115117897
1.08E10 96009.19373549873
1.17E10 101188.31573705173
1.26E10 101700.14337568067
1.35E10 94463.05080831415
1.44E10 97907.21153846143
1.53E10 100130.29269521417
1.62E10 96040.67014613742
1.71E10 100931.00822098009
1.8E10 99180.58549365701
1.89E10 98763.70333255664
1.98E10 98302.82469331242
2.07E10 95924.7716434339
2.16E10 97905.1296505075
2.25E10 99603.12908564328
2.34E10 98308.96561794762
2.43E10 99097.77091680413
2.52E10 97377.49600094072
2.61E10 96702.78167770442
2.7E10 96424.63665277464
2.79E10 98996.43686635951
2.88E10 101559.13191789167
2.97E10 98403.04564273445
3.06E10 99171.37567405621
3.15E10 100743.05433437944
3.24E10 97809.79636223664
3.33E10 100786.04018115302
3.42E10 97018.46554379235
3.51E10 98035.8481024577
3.6E10 99908.15659367404
3.69E10 98198.70655166075
3.78E10 99271.52976298165
3.87E10 100507.94712765045
3.96E10 99431.34839508327
4.05E10 99323.61382005509
4.14E10 98676.1611900532
4.23E10 97872.74283661139
4.32E10 97725.592380248
4.41E10 100855.79945429755
4.5E10 97467.48753711893
4.59E10 99544.36696191318
4.68E10 98604.75469336688
4.77E10 98880.61782661767
4.86E10 99117.57442547899
4.95E10 98937.91614111137
5.04E10 97156.69674439591
5.13E10 98464.95207341945
5.22E10 96444.54717904807
5.31E10 97776.82041026985
5.4E10 100053.20844438212
5.49E10 97678.4585878678
5.58E10 97343.70640725612
5.67E10 98319.24287812074
5.76E10 98950.80444444423
5.85E10 95939.51790123413
5.94E10 98484.63461538467
6.03E10 96608.81277164828
6.12E10 95587.61779911377
6.21E10 97056.07030817501
6.3E10 99170.39996256794
6.39E10 97812.24830316722
6.48E10 98414.58003108038
6.57E10 99042.3848304139
6.66E10 96097.16008124061
6.75E10 101324.82819646061
6.84E10 99084.3376445229
6.93E10 99484.5976237622
7.02E10 97772.00429922612
7.11E10 95573.54613935965
7.2E10 95664.54281141635
7.29E10 100770.02685422034
7.38E10 98314.81706970154
7.47E10 101277.29639794157
7.56E10 97960.46205507066
7.65E10 104507.89095415123
7.74E10 98797.12886597945
7.83E10 99585.77302631577
7.92E10 93661.40519067789
8.01E10 95380.20664206649
8.1E10 100411.51031636848
8.19E10 90952.76354679791
8.28E10 100745.23361603692
8.37E10 98546.4767657993
8.46E10 98411.40816326535
8.55E10 98058.66666666682
