0.0 761.0
9.0E8 832.0
1.8E9 633.0
2.7E9 643.0
3.6E9 567.0
4.5E9 652.0
5.4E9 532.0
6.3E9 543.0
7.2E9 527.0
8.1E9 539.0
9.0E9 660.0
9.9E9 721.0
1.08E10 862.0
1.17E10 1004.0
1.26E10 1102.0
1.35E10 1299.0
1.44E10 1612.0
1.53E10 1986.0
1.62E10 2394.0
1.71E10 3042.0
1.8E10 3625.0
1.89E10 4291.0
1.98E10 5055.0
2.07E10 5451.0
2.16E10 6209.0
2.25E10 7251.0
2.34E10 7534.0
2.43E10 8485.0
2.52E10 8502.0
2.61E10 9060.0
2.7E10 9118.0
2.79E10 9766.0
2.88E10 9937.0
2.97E10 9904.0
3.06E10 10013.0
3.15E10 10509.0
3.24E10 10392.0
3.33E10 10378.0
3.42E10 10389.0
3.51E10 10620.0
3.6E10 10274.0
3.69E10 10899.0
3.78E10 11054.0
3.87E10 11366.0
3.96E10 11310.0
4.05E10 11260.0
4.14E10 11259.0
4.23E10 11133.0
4.32E10 10814.0
4.41E10 10995.0
4.5E10 11114.0
4.59E10 11288.0
4.68E10 10387.0
4.77E10 10647.0
4.86E10 10488.0
4.95E10 10148.0
5.04E10 8877.0
5.13E10 8825.0
5.22E10 8173.0
5.31E10 7749.0
5.4E10 7130.0
5.49E10 7038.0
5.58E10 6836.0
5.67E10 6810.0
5.76E10 6526.0
5.85E10 6481.0
5.94E10 6186.0
6.03E10 5982.0
6.12E10 5416.0
6.21E10 5419.0
6.3E10 5343.0
6.39E10 5304.0
6.48E10 5148.0
6.57E10 5366.0
6.66E10 5416.0
6.75E10 5029.0
6.84E10 5103.0
6.93E10 5050.0
7.02E10 4652.0
7.11E10 4248.0
7.2E10 3749.0
7.29E10 3910.0
7.38E10 3515.0
7.47E10 2915.0
7.56E10 2978.0
7.65E10 2421.0
7.74E10 2328.0
7.83E10 2128.0
7.92E10 1888.0
8.01E10 1627.0
8.1E10 1453.0
8.19E10 1421.0
8.28E10 1297.0
8.37E10 1076.0
8.46E10 980.0
8.55E10 1089.0
